0 info it worked if it ends with ok
1 verbose cli [ '/usr/bin/nodejs',
1 verbose cli   '/usr/bin/npm',
1 verbose cli   'install',
1 verbose cli   'dependency-injector' ]
2 info using npm@3.5.2
3 info using node@v4.2.6
4 silly loadCurrentTree Starting
5 silly install loadCurrentTree
6 silly install readLocalPackageData
7 silly fetchPackageMetaData dependency-injector
8 silly fetchNamedPackageData dependency-injector
9 silly mapToRegistry name dependency-injector
10 silly mapToRegistry using default registry
11 silly mapToRegistry registry https://registry.npmjs.org/
12 silly mapToRegistry uri https://registry.npmjs.org/dependency-injector
13 verbose request uri https://registry.npmjs.org/dependency-injector
14 verbose request no auth needed
15 info attempt registry request try #1 at 10:26:43 PM
16 verbose request id 522e3f4c9b764162
17 http request GET https://registry.npmjs.org/dependency-injector
18 info retry will retry, error on last attempt: Error: Hostname/IP doesn't match certificate's altnames: "Host: registry.npmjs.org. is not in the cert's altnames: DNS:gateway.iitk.ac.in"
19 info attempt registry request try #2 at 10:26:53 PM
20 http request GET https://registry.npmjs.org/dependency-injector
21 info retry will retry, error on last attempt: Error: Hostname/IP doesn't match certificate's altnames: "Host: registry.npmjs.org. is not in the cert's altnames: DNS:gateway.iitk.ac.in"
22 info attempt registry request try #3 at 10:27:53 PM
23 http request GET https://registry.npmjs.org/dependency-injector
24 silly fetchPackageMetaData Error: Hostname/IP doesn't match certificate's altnames: "Host: registry.npmjs.org. is not in the cert's altnames: DNS:gateway.iitk.ac.in"
24 silly fetchPackageMetaData     at Object.checkServerIdentity (tls.js:186:15)
24 silly fetchPackageMetaData     at TLSSocket.<anonymous> (_tls_wrap.js:1022:29)
24 silly fetchPackageMetaData     at emitNone (events.js:67:13)
24 silly fetchPackageMetaData     at TLSSocket.emit (events.js:166:7)
24 silly fetchPackageMetaData     at TLSSocket._finishInit (_tls_wrap.js:585:8)
24 silly fetchPackageMetaData  error for dependency-injector { [Error: Hostname/IP doesn't match certificate's altnames: "Host: registry.npmjs.org. is not in the cert's altnames: DNS:gateway.iitk.ac.in"]
24 silly fetchPackageMetaData   reason: 'Host: registry.npmjs.org. is not in the cert\'s altnames: DNS:gateway.iitk.ac.in',
24 silly fetchPackageMetaData   host: 'registry.npmjs.org.',
24 silly fetchPackageMetaData   cert:
24 silly fetchPackageMetaData    { subject:
24 silly fetchPackageMetaData       { C: 'IN',
24 silly fetchPackageMetaData         ST: 'Uttar Pradesh',
24 silly fetchPackageMetaData         L: 'Kanpur',
24 silly fetchPackageMetaData         O: 'Indian Institute of Technology kanpur',
24 silly fetchPackageMetaData         CN: 'gateway.iitk.ac.in' },
24 silly fetchPackageMetaData      issuer: { C: 'US', O: 'thawte, Inc.', CN: 'thawte SSL CA - G2' },
24 silly fetchPackageMetaData      subjectaltname: 'DNS:gateway.iitk.ac.in',
24 silly fetchPackageMetaData      infoAccess: { 'OCSP - URI': [Object], 'CA Issuers - URI': [Object] },
24 silly fetchPackageMetaData      modulus: 'C0255886505B5406864B49C9C85A6A09D6F3AD44A7CE93C01D0BAD5620FA90E1682C0300F698723D8B307732C84623C41BB8E9237545B13092ED634378750A15536C4E6BA50807D37A20FC9A78E5D4BC9F20F0201582720679055D13F8F6110D9322F8D5C26D228C2268A0EDB0328B0143AD495392CB4622C0F73BC39FA59EFFFE18088221709047469E670C9A719584A618DDF8C635C4B786AD1E7766F1458F02356A3106E7F75371BDBABFE6BE860F28A64AA8AB3B0F934268B8F5CE60C85F783AD485DEBF0D5A98819B39A0F893AD203C3E0825E3054D033FB6869D40F54ABF00E2E2C5D61EF192161637E5D9BB0452F0E3F265FB06D5C7F94E54FE759885',
24 silly fetchPackageMetaData      exponent: '0x10001',
24 silly fetchPackageMetaData      valid_from: 'Jul  5 00:00:00 2016 GMT',
24 silly fetchPackageMetaData      valid_to: 'Aug  4 23:59:59 2018 GMT',
24 silly fetchPackageMetaData      fingerprint: '4A:0B:98:AB:73:6A:A9:5C:B0:C1:6E:DE:7D:AF:49:74:A8:BF:3A:A3',
24 silly fetchPackageMetaData      ext_key_usage: [ '1.3.6.1.5.5.7.3.1', '1.3.6.1.5.5.7.3.2' ],
24 silly fetchPackageMetaData      serialNumber: '2AA5E597BEC41AD2E5A9C8BD9204011E',
24 silly fetchPackageMetaData      raw: <Buffer 30 82 06 47 30 82 05 2f a0 03 02 01 02 02 10 2a a5 e5 97 be c4 1a d2 e5 a9 c8 bd 92 04 01 1e 30 0d 06 09 2a 86 48 86 f7 0d 01 01 0b 05 00 30 41 31 0b ... > } }
25 silly rollbackFailedOptional Starting
26 silly rollbackFailedOptional Finishing
27 silly runTopLevelLifecycles Starting
28 silly runTopLevelLifecycles Finishing
29 silly install printInstalled
30 verbose stack Error: Hostname/IP doesn't match certificate's altnames: "Host: registry.npmjs.org. is not in the cert's altnames: DNS:gateway.iitk.ac.in"
30 verbose stack     at Object.checkServerIdentity (tls.js:186:15)
30 verbose stack     at TLSSocket.<anonymous> (_tls_wrap.js:1022:29)
30 verbose stack     at emitNone (events.js:67:13)
30 verbose stack     at TLSSocket.emit (events.js:166:7)
30 verbose stack     at TLSSocket._finishInit (_tls_wrap.js:585:8)
31 verbose cwd /home/waghela/meanapp/assignment3/IoC
32 error Linux 4.4.0-45-generic
33 error argv "/usr/bin/nodejs" "/usr/bin/npm" "install" "dependency-injector"
34 error node v4.2.6
35 error npm  v3.5.2
36 error Hostname/IP doesn't match certificate's altnames: "Host: registry.npmjs.org. is not in the cert's altnames: DNS:gateway.iitk.ac.in"
37 error If you need help, you may report this error at:
37 error     <https://github.com/npm/npm/issues>
38 verbose exit [ 1, true ]
